<?xml version="1.0" encoding="UTF-8"?>
<testsuite xmlns:xsi="http://www.w3.org/2001/XMLSchema-instance" xsi:noNamespaceSchemaLocation="https://maven.apache.org/surefire/maven-surefire-plugin/xsd/surefire-test-report-3.0.xsd" version="3.0" name="testRunner.TestRun" time="34.833" tests="2" errors="0" skipped="0" failures="0">
  <properties>
[...]
</properties>
  <testcase name="Create New account" classname="CreateAccount" time="23.484">
    <system-out><![CDATA[
@sanity
Scenario: Create New account                                                             # Features/CreateAccount.feature:11
  Given user launch chrome browser                                                       # stepDefinitions.Steps.user_launch_chrome_browser()
  When user opens URL "https://petstore.octoperf.com/actions/Account.action?signonForm=" # stepDefinitions.Steps.user_opens_url(java.lang.String)
  And user enters Email as "j2ee" and Password as "j2ee"                                 # stepDefinitions.Steps.user_enters_email_as_and_password_as(java.lang.String,java.lang.String)
  And click on login                                                                     # stepDefinitions.Steps.click_on_login()
  Then Page title should be "JPetStore Demo"                                             # stepDefinitions.Steps.page_title_should_be(java.lang.String)
  When user click on logout link                                                         # stepDefinitions.Steps.user_click_on_logout_link()
  Then Page title should be "JPetStore Demo"                                             # stepDefinitions.Steps.page_title_should_be(java.lang.String)
  Then user click on signin                                                              # stepDefinitions.Steps.user_click_on_signin()
  And click on Rigister Now                                                              # stepDefinitions.Steps.click_on_rigister_now()
  Then user can view the Dashboad                                                        # stepDefinitions.Steps.user_can_view_the_dashboad()
  When user enters the details                                                           # stepDefinitions.Steps.user_enters_the_details()
  And click on save account information                                                  # stepDefinitions.Steps.click_on_save_account_information()
  Then Page title should be "JPetStore Demo"                                             # stepDefinitions.Steps.page_title_should_be(java.lang.String)
  And close browser                                                                      # stepDefinitions.Steps.close_browser()
]]></system-out>
    <system-err><![CDATA[Nov 22, 2024 3:03:34 PM org.openqa.selenium.devtools.CdpVersionFinder findNearestMatch
WARNING: Unable to find an exact match for CDP version 131, returning the closest version; found: 130; Please update to a Selenium version that supports CDP version 131
]]></system-err>
  </testcase>
  <testcase name="Sucessful Loginwith valid Credentials" classname="Login" time="10.473">
    <system-out><![CDATA[
@sanity
Scenario: Sucessful Loginwith valid Credentials                                          # Features/Login.feature:4
  Given user launch chrome browser                                                       # stepDefinitions.Steps.user_launch_chrome_browser()
  When user opens URL "https://petstore.octoperf.com/actions/Account.action?signonForm=" # stepDefinitions.Steps.user_opens_url(java.lang.String)
  And user enters Email as "j2ee" and Password as "j2ee"                                 # stepDefinitions.Steps.user_enters_email_as_and_password_as(java.lang.String,java.lang.String)
  And click on login                                                                     # stepDefinitions.Steps.click_on_login()
  Then Page title should be "JPetStore Demo"                                             # stepDefinitions.Steps.page_title_should_be(java.lang.String)
  When user click on logout link                                                         # stepDefinitions.Steps.user_click_on_logout_link()
  Then Page title should be "JPetStore Demo"                                             # stepDefinitions.Steps.page_title_should_be(java.lang.String)
  And close browser                                                                      # stepDefinitions.Steps.close_browser()
]]></system-out>
    <system-err><![CDATA[Nov 22, 2024 3:03:58 PM org.openqa.selenium.devtools.CdpVersionFinder findNearestMatch
WARNING: Unable to find an exact match for CDP version 131, returning the closest version; found: 130; Please update to a Selenium version that supports CDP version 131
]]></system-err>
  </testcase>
</testsuite>